ERROR - 2025-12-12 04:44:22 --> mysqli_sql_exception: Unknown column 'checkin.checked_by' in 'field list' in C:\wamp64\www\turn-up\system\Database\MySQLi\Connection.php:327
Stack trace:
#0 C:\wamp64\www\turn-up\system\Database\MySQLi\Connection.php(327): mysqli->query('SELECT `checkin...', 0)
#1 C:\wamp64\www\turn-up\system\Database\BaseConnection.php(729): CodeIgniter\Database\MySQLi\Connection->execute('SELECT `checkin...')
#2 C:\wamp64\www\turn-up\system\Database\BaseConnection.php(646): CodeIgniter\Database\BaseConnection->simpleQuery('SELECT `checkin...')
#3 C:\wamp64\www\turn-up\system\Database\BaseBuilder.php(1649): CodeIgniter\Database\BaseConnection->query('SELECT `checkin...', Array, false)
#4 C:\wamp64\www\turn-up\app\Models\Api\EventBookingModel.php(186): CodeIgniter\Database\BaseBuilder->get()
#5 C:\wamp64\www\turn-up\app\Controllers\Api\ExcelDownload.php(364): App\Models\Api\EventBookingModel->getCheckinsByEventDetails('12')
#6 C:\wamp64\www\turn-up\system\CodeIgniter.php(933): App\Controllers\Api\ExcelDownload->downloadCheckins()
#7 C:\wamp64\www\turn-up\system\CodeIgniter.php(507): CodeIgniter\CodeIgniter->runController(Object(App\Controllers\Api\ExcelDownload))
#8 C:\wamp64\www\turn-up\system\CodeIgniter.php(354): CodeIgniter\CodeIgniter->handleRequest(NULL, Object(Config\Cache), false)
#9 C:\wamp64\www\turn-up\system\Boot.php(363): CodeIgniter\CodeIgniter->run()
#10 C:\wamp64\www\turn-up\system\Boot.php(68): CodeIgniter\Boot::runCodeIgniter(Object(CodeIgniter\CodeIgniter))
#11 C:\wamp64\www\turn-up\index.php(59): CodeIgniter\Boot::bootWeb(Object(Config\Paths))
#12 {main}
ERROR - 2025-12-12 04:45:47 --> mysqli_sql_exception: Unknown column 'checkin.checked_by' in 'field list' in C:\wamp64\www\turn-up\system\Database\MySQLi\Connection.php:327
Stack trace:
#0 C:\wamp64\www\turn-up\system\Database\MySQLi\Connection.php(327): mysqli->query('SELECT `checkin...', 0)
#1 C:\wamp64\www\turn-up\system\Database\BaseConnection.php(729): CodeIgniter\Database\MySQLi\Connection->execute('SELECT `checkin...')
#2 C:\wamp64\www\turn-up\system\Database\BaseConnection.php(646): CodeIgniter\Database\BaseConnection->simpleQuery('SELECT `checkin...')
#3 C:\wamp64\www\turn-up\system\Database\BaseBuilder.php(1649): CodeIgniter\Database\BaseConnection->query('SELECT `checkin...', Array, false)
#4 C:\wamp64\www\turn-up\app\Models\Api\EventBookingModel.php(186): CodeIgniter\Database\BaseBuilder->get()
#5 C:\wamp64\www\turn-up\app\Controllers\Api\ExcelDownload.php(364): App\Models\Api\EventBookingModel->getCheckinsByEventDetails('12')
#6 C:\wamp64\www\turn-up\system\CodeIgniter.php(933): App\Controllers\Api\ExcelDownload->downloadCheckins()
#7 C:\wamp64\www\turn-up\system\CodeIgniter.php(507): CodeIgniter\CodeIgniter->runController(Object(App\Controllers\Api\ExcelDownload))
#8 C:\wamp64\www\turn-up\system\CodeIgniter.php(354): CodeIgniter\CodeIgniter->handleRequest(NULL, Object(Config\Cache), false)
#9 C:\wamp64\www\turn-up\system\Boot.php(363): CodeIgniter\CodeIgniter->run()
#10 C:\wamp64\www\turn-up\system\Boot.php(68): CodeIgniter\Boot::runCodeIgniter(Object(CodeIgniter\CodeIgniter))
#11 C:\wamp64\www\turn-up\index.php(59): CodeIgniter\Boot::bootWeb(Object(Config\Paths))
#12 {main}
ERROR - 2025-12-12 04:46:00 --> mysqli_sql_exception: Unknown column 'checkin.partner_name' in 'field list' in C:\wamp64\www\turn-up\system\Database\MySQLi\Connection.php:327
Stack trace:
#0 C:\wamp64\www\turn-up\system\Database\MySQLi\Connection.php(327): mysqli->query('SELECT `checkin...', 0)
#1 C:\wamp64\www\turn-up\system\Database\BaseConnection.php(729): CodeIgniter\Database\MySQLi\Connection->execute('SELECT `checkin...')
#2 C:\wamp64\www\turn-up\system\Database\BaseConnection.php(646): CodeIgniter\Database\BaseConnection->simpleQuery('SELECT `checkin...')
#3 C:\wamp64\www\turn-up\system\Database\BaseBuilder.php(1649): CodeIgniter\Database\BaseConnection->query('SELECT `checkin...', Array, false)
#4 C:\wamp64\www\turn-up\app\Models\Api\EventBookingModel.php(186): CodeIgniter\Database\BaseBuilder->get()
#5 C:\wamp64\www\turn-up\app\Controllers\Api\ExcelDownload.php(364): App\Models\Api\EventBookingModel->getCheckinsByEventDetails('12')
#6 C:\wamp64\www\turn-up\system\CodeIgniter.php(933): App\Controllers\Api\ExcelDownload->downloadCheckins()
#7 C:\wamp64\www\turn-up\system\CodeIgniter.php(507): CodeIgniter\CodeIgniter->runController(Object(App\Controllers\Api\ExcelDownload))
#8 C:\wamp64\www\turn-up\system\CodeIgniter.php(354): CodeIgniter\CodeIgniter->handleRequest(NULL, Object(Config\Cache), false)
#9 C:\wamp64\www\turn-up\system\Boot.php(363): CodeIgniter\CodeIgniter->run()
#10 C:\wamp64\www\turn-up\system\Boot.php(68): CodeIgniter\Boot::runCodeIgniter(Object(CodeIgniter\CodeIgniter))
#11 C:\wamp64\www\turn-up\index.php(59): CodeIgniter\Boot::bootWeb(Object(Config\Paths))
#12 {main}
