CRITICAL - 2025-11-21 08:18:57 --> Error: Class "App\Models\Api\UserModel" not found
[Method: POST, Route: api/checkin/details]
in APPPATH\Controllers\Api\Checkin.php on line 30.
 1 SYSTEMPATH\CodeIgniter.php(903): App\Controllers\Api\Checkin->__construct()
 2 SYSTEMPATH\CodeIgniter.php(498): CodeIgniter\CodeIgniter->createController()
 3 SYSTEMPATH\CodeIgniter.php(354): CodeIgniter\CodeIgniter->handleRequest(null, Object(Config\Cache), false)
 4 SYSTEMPATH\Boot.php(363): CodeIgniter\CodeIgniter->run()
 5 SYSTEMPATH\Boot.php(68): CodeIgniter\Boot::runCodeIgniter(Object(CodeIgniter\CodeIgniter))
 6 FCPATH\index.php(59): CodeIgniter\Boot::bootWeb(Object(Config\Paths))
WARNING - 2025-11-21 08:20:34 --> [DEPRECATED] Creation of dynamic property App\Controllers\Api\Checkin::$userModel is deprecated in APPPATH\Controllers\Api\Checkin.php on line 30.
 1 SYSTEMPATH\CodeIgniter.php(903): App\Controllers\Api\Checkin->__construct()
 2 SYSTEMPATH\CodeIgniter.php(498): CodeIgniter\CodeIgniter->createController()
 3 SYSTEMPATH\CodeIgniter.php(354): CodeIgniter\CodeIgniter->handleRequest(null, Object(Config\Cache), false)
 4 SYSTEMPATH\Boot.php(363): CodeIgniter\CodeIgniter->run()
 5 SYSTEMPATH\Boot.php(68): CodeIgniter\Boot::runCodeIgniter(Object(CodeIgniter\CodeIgniter))
 6 FCPATH\index.php(59): CodeIgniter\Boot::bootWeb(Object(Config\Paths))
WARNING - 2025-11-21 08:34:06 --> [DEPRECATED] Creation of dynamic property App\Controllers\Api\Checkin::$userModel is deprecated in APPPATH\Controllers\Api\Checkin.php on line 30.
 1 SYSTEMPATH\CodeIgniter.php(903): App\Controllers\Api\Checkin->__construct()
 2 SYSTEMPATH\CodeIgniter.php(498): CodeIgniter\CodeIgniter->createController()
 3 SYSTEMPATH\CodeIgniter.php(354): CodeIgniter\CodeIgniter->handleRequest(null, Object(Config\Cache), false)
 4 SYSTEMPATH\Boot.php(363): CodeIgniter\CodeIgniter->run()
 5 SYSTEMPATH\Boot.php(68): CodeIgniter\Boot::runCodeIgniter(Object(CodeIgniter\CodeIgniter))
 6 FCPATH\index.php(59): CodeIgniter\Boot::bootWeb(Object(Config\Paths))
WARNING - 2025-11-21 09:30:41 --> [DEPRECATED] Creation of dynamic property App\Controllers\Api\Checkin::$eventCountsModel is deprecated in APPPATH\Controllers\Api\Checkin.php on line 34.
 1 SYSTEMPATH\CodeIgniter.php(903): App\Controllers\Api\Checkin->__construct()
 2 SYSTEMPATH\CodeIgniter.php(498): CodeIgniter\CodeIgniter->createController()
 3 SYSTEMPATH\CodeIgniter.php(354): CodeIgniter\CodeIgniter->handleRequest(null, Object(Config\Cache), false)
 4 SYSTEMPATH\Boot.php(363): CodeIgniter\CodeIgniter->run()
 5 SYSTEMPATH\Boot.php(68): CodeIgniter\Boot::runCodeIgniter(Object(CodeIgniter\CodeIgniter))
 6 FCPATH\index.php(59): CodeIgniter\Boot::bootWeb(Object(Config\Paths))
ERROR - 2025-11-21 09:30:41 --> mysqli_sql_exception: Unknown column 'entry_comment' in 'field list' in C:\wamp64\www\turn-up\system\Database\MySQLi\Connection.php:327
Stack trace:
#0 C:\wamp64\www\turn-up\system\Database\MySQLi\Connection.php(327): mysqli->query('INSERT INTO `ch...', 0)
#1 C:\wamp64\www\turn-up\system\Database\BaseConnection.php(729): CodeIgniter\Database\MySQLi\Connection->execute('INSERT INTO `ch...')
#2 C:\wamp64\www\turn-up\system\Database\BaseConnection.php(646): CodeIgniter\Database\BaseConnection->simpleQuery('INSERT INTO `ch...')
#3 C:\wamp64\www\turn-up\system\Database\BaseBuilder.php(2345): CodeIgniter\Database\BaseConnection->query('INSERT INTO `ch...', Array, false)
#4 C:\wamp64\www\turn-up\app\Controllers\Api\Checkin.php(161): CodeIgniter\Database\BaseBuilder->insert(Array)
#5 C:\wamp64\www\turn-up\system\CodeIgniter.php(933): App\Controllers\Api\Checkin->markAsIn()
#6 C:\wamp64\www\turn-up\system\CodeIgniter.php(507): CodeIgniter\CodeIgniter->runController(Object(App\Controllers\Api\Checkin))
#7 C:\wamp64\www\turn-up\system\CodeIgniter.php(354): CodeIgniter\CodeIgniter->handleRequest(NULL, Object(Config\Cache), false)
#8 C:\wamp64\www\turn-up\system\Boot.php(363): CodeIgniter\CodeIgniter->run()
#9 C:\wamp64\www\turn-up\system\Boot.php(68): CodeIgniter\Boot::runCodeIgniter(Object(CodeIgniter\CodeIgniter))
#10 C:\wamp64\www\turn-up\index.php(59): CodeIgniter\Boot::bootWeb(Object(Config\Paths))
#11 {main}
CRITICAL - 2025-11-21 09:30:41 --> CodeIgniter\Database\Exceptions\DatabaseException: Unknown column 'entry_comment' in 'field list'
[Method: POST, Route: api/checkin/mark-in]
in SYSTEMPATH\Database\BaseConnection.php on line 684.
 1 SYSTEMPATH\Database\BaseBuilder.php(2345): CodeIgniter\Database\BaseConnection->query('INSERT INTO `checkin` (`user_id`, `event_id`, `booking_code`, `partner`, `category_id`, `invite_id`, `entry_status`, `checkin_time`, `checkedin_by`, `entry_type`, `entry_comment`, `booking_id`) VALUES (:user_id:, :event_id:, :booking_code:, :partner:, :category_id:, :invite_id:, :entry_status:, :checkin_time:, :checkedin_by:, :entry_type:, :entry_comment:, :booking_id:)', [...], false)
 2 APPPATH\Controllers\Api\Checkin.php(161): CodeIgniter\Database\BaseBuilder->insert([...])
 3 SYSTEMPATH\CodeIgniter.php(933): App\Controllers\Api\Checkin->markAsIn()
 4 SYSTEMPATH\CodeIgniter.php(507): CodeIgniter\CodeIgniter->runController(Object(App\Controllers\Api\Checkin))
 5 SYSTEMPATH\CodeIgniter.php(354): CodeIgniter\CodeIgniter->handleRequest(null, Object(Config\Cache), false)
 6 SYSTEMPATH\Boot.php(363): CodeIgniter\CodeIgniter->run()
 7 SYSTEMPATH\Boot.php(68): CodeIgniter\Boot::runCodeIgniter(Object(CodeIgniter\CodeIgniter))
 8 FCPATH\index.php(59): CodeIgniter\Boot::bootWeb(Object(Config\Paths))
CRITICAL - 2025-11-21 09:30:41 --> [Caused by] CodeIgniter\Database\Exceptions\DatabaseException: Unknown column 'entry_comment' in 'field list'
in SYSTEMPATH\Database\MySQLi\Connection.php on line 332.
 1 SYSTEMPATH\Database\BaseConnection.php(729): CodeIgniter\Database\MySQLi\Connection->execute('INSERT INTO `checkin` (`user_id`, `event_id`, `booking_code`, `partner`, `category_id`, `invite_id`, `entry_status`, `checkin_time`, `checkedin_by`, `entry_type`, `entry_comment`, `booking_id`) VALUES (\'15\', \'12\', \'EVTSHB0001\', \'15\', \'44\', \'57\', 1, \'2025-11-21 09:30:41\', \'security_1\', \'Female\', \'\', \'52\')')
 2 SYSTEMPATH\Database\BaseConnection.php(646): CodeIgniter\Database\BaseConnection->simpleQuery('INSERT INTO `checkin` (`user_id`, `event_id`, `booking_code`, `partner`, `category_id`, `invite_id`, `entry_status`, `checkin_time`, `checkedin_by`, `entry_type`, `entry_comment`, `booking_id`) VALUES (\'15\', \'12\', \'EVTSHB0001\', \'15\', \'44\', \'57\', 1, \'2025-11-21 09:30:41\', \'security_1\', \'Female\', \'\', \'52\')')
 3 SYSTEMPATH\Database\BaseBuilder.php(2345): CodeIgniter\Database\BaseConnection->query('INSERT INTO `checkin` (`user_id`, `event_id`, `booking_code`, `partner`, `category_id`, `invite_id`, `entry_status`, `checkin_time`, `checkedin_by`, `entry_type`, `entry_comment`, `booking_id`) VALUES (:user_id:, :event_id:, :booking_code:, :partner:, :category_id:, :invite_id:, :entry_status:, :checkin_time:, :checkedin_by:, :entry_type:, :entry_comment:, :booking_id:)', [...], false)
 4 APPPATH\Controllers\Api\Checkin.php(161): CodeIgniter\Database\BaseBuilder->insert([...])
 5 SYSTEMPATH\CodeIgniter.php(933): App\Controllers\Api\Checkin->markAsIn()
 6 SYSTEMPATH\CodeIgniter.php(507): CodeIgniter\CodeIgniter->runController(Object(App\Controllers\Api\Checkin))
 7 SYSTEMPATH\CodeIgniter.php(354): CodeIgniter\CodeIgniter->handleRequest(null, Object(Config\Cache), false)
 8 SYSTEMPATH\Boot.php(363): CodeIgniter\CodeIgniter->run()
 9 SYSTEMPATH\Boot.php(68): CodeIgniter\Boot::runCodeIgniter(Object(CodeIgniter\CodeIgniter))
10 FCPATH\index.php(59): CodeIgniter\Boot::bootWeb(Object(Config\Paths))
CRITICAL - 2025-11-21 09:30:41 --> [Caused by] mysqli_sql_exception: Unknown column 'entry_comment' in 'field list'
in SYSTEMPATH\Database\MySQLi\Connection.php on line 327.
 1 SYSTEMPATH\Database\MySQLi\Connection.php(327): mysqli->query('INSERT INTO `checkin` (`user_id`, `event_id`, `booking_code`, `partner`, `category_id`, `invite_id`, `entry_status`, `checkin_time`, `checkedin_by`, `entry_type`, `entry_comment`, `booking_id`) VALUES (\'15\', \'12\', \'EVTSHB0001\', \'15\', \'44\', \'57\', 1, \'2025-11-21 09:30:41\', \'security_1\', \'Female\', \'\', \'52\')', 0)
 2 SYSTEMPATH\Database\BaseConnection.php(729): CodeIgniter\Database\MySQLi\Connection->execute('INSERT INTO `checkin` (`user_id`, `event_id`, `booking_code`, `partner`, `category_id`, `invite_id`, `entry_status`, `checkin_time`, `checkedin_by`, `entry_type`, `entry_comment`, `booking_id`) VALUES (\'15\', \'12\', \'EVTSHB0001\', \'15\', \'44\', \'57\', 1, \'2025-11-21 09:30:41\', \'security_1\', \'Female\', \'\', \'52\')')
 3 SYSTEMPATH\Database\BaseConnection.php(646): CodeIgniter\Database\BaseConnection->simpleQuery('INSERT INTO `checkin` (`user_id`, `event_id`, `booking_code`, `partner`, `category_id`, `invite_id`, `entry_status`, `checkin_time`, `checkedin_by`, `entry_type`, `entry_comment`, `booking_id`) VALUES (\'15\', \'12\', \'EVTSHB0001\', \'15\', \'44\', \'57\', 1, \'2025-11-21 09:30:41\', \'security_1\', \'Female\', \'\', \'52\')')
 4 SYSTEMPATH\Database\BaseBuilder.php(2345): CodeIgniter\Database\BaseConnection->query('INSERT INTO `checkin` (`user_id`, `event_id`, `booking_code`, `partner`, `category_id`, `invite_id`, `entry_status`, `checkin_time`, `checkedin_by`, `entry_type`, `entry_comment`, `booking_id`) VALUES (:user_id:, :event_id:, :booking_code:, :partner:, :category_id:, :invite_id:, :entry_status:, :checkin_time:, :checkedin_by:, :entry_type:, :entry_comment:, :booking_id:)', [...], false)
 5 APPPATH\Controllers\Api\Checkin.php(161): CodeIgniter\Database\BaseBuilder->insert([...])
 6 SYSTEMPATH\CodeIgniter.php(933): App\Controllers\Api\Checkin->markAsIn()
 7 SYSTEMPATH\CodeIgniter.php(507): CodeIgniter\CodeIgniter->runController(Object(App\Controllers\Api\Checkin))
 8 SYSTEMPATH\CodeIgniter.php(354): CodeIgniter\CodeIgniter->handleRequest(null, Object(Config\Cache), false)
 9 SYSTEMPATH\Boot.php(363): CodeIgniter\CodeIgniter->run()
10 SYSTEMPATH\Boot.php(68): CodeIgniter\Boot::runCodeIgniter(Object(CodeIgniter\CodeIgniter))
11 FCPATH\index.php(59): CodeIgniter\Boot::bootWeb(Object(Config\Paths))
WARNING - 2025-11-21 09:30:51 --> [DEPRECATED] Creation of dynamic property App\Controllers\Api\Checkin::$eventCountsModel is deprecated in APPPATH\Controllers\Api\Checkin.php on line 34.
 1 SYSTEMPATH\CodeIgniter.php(903): App\Controllers\Api\Checkin->__construct()
 2 SYSTEMPATH\CodeIgniter.php(498): CodeIgniter\CodeIgniter->createController()
 3 SYSTEMPATH\CodeIgniter.php(354): CodeIgniter\CodeIgniter->handleRequest(null, Object(Config\Cache), false)
 4 SYSTEMPATH\Boot.php(363): CodeIgniter\CodeIgniter->run()
 5 SYSTEMPATH\Boot.php(68): CodeIgniter\Boot::runCodeIgniter(Object(CodeIgniter\CodeIgniter))
 6 FCPATH\index.php(59): CodeIgniter\Boot::bootWeb(Object(Config\Paths))
WARNING - 2025-11-21 09:31:57 --> [DEPRECATED] Creation of dynamic property App\Controllers\Api\Checkin::$eventCountsModel is deprecated in APPPATH\Controllers\Api\Checkin.php on line 34.
 1 SYSTEMPATH\CodeIgniter.php(903): App\Controllers\Api\Checkin->__construct()
 2 SYSTEMPATH\CodeIgniter.php(498): CodeIgniter\CodeIgniter->createController()
 3 SYSTEMPATH\CodeIgniter.php(354): CodeIgniter\CodeIgniter->handleRequest(null, Object(Config\Cache), false)
 4 SYSTEMPATH\Boot.php(363): CodeIgniter\CodeIgniter->run()
 5 SYSTEMPATH\Boot.php(68): CodeIgniter\Boot::runCodeIgniter(Object(CodeIgniter\CodeIgniter))
 6 FCPATH\index.php(59): CodeIgniter\Boot::bootWeb(Object(Config\Paths))
WARNING - 2025-11-21 09:34:40 --> [DEPRECATED] Creation of dynamic property App\Controllers\Api\Checkin::$eventCountsModel is deprecated in APPPATH\Controllers\Api\Checkin.php on line 34.
 1 SYSTEMPATH\CodeIgniter.php(903): App\Controllers\Api\Checkin->__construct()
 2 SYSTEMPATH\CodeIgniter.php(498): CodeIgniter\CodeIgniter->createController()
 3 SYSTEMPATH\CodeIgniter.php(354): CodeIgniter\CodeIgniter->handleRequest(null, Object(Config\Cache), false)
 4 SYSTEMPATH\Boot.php(363): CodeIgniter\CodeIgniter->run()
 5 SYSTEMPATH\Boot.php(68): CodeIgniter\Boot::runCodeIgniter(Object(CodeIgniter\CodeIgniter))
 6 FCPATH\index.php(59): CodeIgniter\Boot::bootWeb(Object(Config\Paths))
WARNING - 2025-11-21 10:09:15 --> [DEPRECATED] Creation of dynamic property App\Controllers\Api\Checkin::$eventCountsModel is deprecated in APPPATH\Controllers\Api\Checkin.php on line 34.
 1 SYSTEMPATH\CodeIgniter.php(903): App\Controllers\Api\Checkin->__construct()
 2 SYSTEMPATH\CodeIgniter.php(498): CodeIgniter\CodeIgniter->createController()
 3 SYSTEMPATH\CodeIgniter.php(354): CodeIgniter\CodeIgniter->handleRequest(null, Object(Config\Cache), false)
 4 SYSTEMPATH\Boot.php(363): CodeIgniter\CodeIgniter->run()
 5 SYSTEMPATH\Boot.php(68): CodeIgniter\Boot::runCodeIgniter(Object(CodeIgniter\CodeIgniter))
 6 FCPATH\index.php(59): CodeIgniter\Boot::bootWeb(Object(Config\Paths))
WARNING - 2025-11-21 10:17:57 --> [DEPRECATED] Creation of dynamic property App\Controllers\Api\Checkin::$eventCountsModel is deprecated in APPPATH\Controllers\Api\Checkin.php on line 34.
 1 SYSTEMPATH\CodeIgniter.php(903): App\Controllers\Api\Checkin->__construct()
 2 SYSTEMPATH\CodeIgniter.php(498): CodeIgniter\CodeIgniter->createController()
 3 SYSTEMPATH\CodeIgniter.php(354): CodeIgniter\CodeIgniter->handleRequest(null, Object(Config\Cache), false)
 4 SYSTEMPATH\Boot.php(363): CodeIgniter\CodeIgniter->run()
 5 SYSTEMPATH\Boot.php(68): CodeIgniter\Boot::runCodeIgniter(Object(CodeIgniter\CodeIgniter))
 6 FCPATH\index.php(59): CodeIgniter\Boot::bootWeb(Object(Config\Paths))
WARNING - 2025-11-21 10:18:03 --> [DEPRECATED] Creation of dynamic property App\Controllers\Api\Checkin::$eventCountsModel is deprecated in APPPATH\Controllers\Api\Checkin.php on line 34.
 1 SYSTEMPATH\CodeIgniter.php(903): App\Controllers\Api\Checkin->__construct()
 2 SYSTEMPATH\CodeIgniter.php(498): CodeIgniter\CodeIgniter->createController()
 3 SYSTEMPATH\CodeIgniter.php(354): CodeIgniter\CodeIgniter->handleRequest(null, Object(Config\Cache), false)
 4 SYSTEMPATH\Boot.php(363): CodeIgniter\CodeIgniter->run()
 5 SYSTEMPATH\Boot.php(68): CodeIgniter\Boot::runCodeIgniter(Object(CodeIgniter\CodeIgniter))
 6 FCPATH\index.php(59): CodeIgniter\Boot::bootWeb(Object(Config\Paths))
CRITICAL - 2025-11-21 10:51:51 --> Error: Call to undefined method Endroid\QrCode\Builder\Builder::create()
[Method: POST, Route: api/generate-qr]
in APPPATH\Controllers\Api\EventBooking.php on line 459.
 1 SYSTEMPATH\CodeIgniter.php(933): App\Controllers\Api\EventBooking->generateQrCode()
 2 SYSTEMPATH\CodeIgniter.php(507): CodeIgniter\CodeIgniter->runController(Object(App\Controllers\Api\EventBooking))
 3 SYSTEMPATH\CodeIgniter.php(354): CodeIgniter\CodeIgniter->handleRequest(null, Object(Config\Cache), false)
 4 SYSTEMPATH\Boot.php(363): CodeIgniter\CodeIgniter->run()
 5 SYSTEMPATH\Boot.php(68): CodeIgniter\Boot::runCodeIgniter(Object(CodeIgniter\CodeIgniter))
 6 FCPATH\index.php(59): CodeIgniter\Boot::bootWeb(Object(Config\Paths))
CRITICAL - 2025-11-21 11:14:17 --> Error: Call to undefined method Endroid\QrCode\Builder\Builder::writer()
[Method: POST, Route: api/generate-qr]
in APPPATH\Controllers\Api\EventBooking.php on line 466.
 1 SYSTEMPATH\CodeIgniter.php(933): App\Controllers\Api\EventBooking->generateQrCode()
 2 SYSTEMPATH\CodeIgniter.php(507): CodeIgniter\CodeIgniter->runController(Object(App\Controllers\Api\EventBooking))
 3 SYSTEMPATH\CodeIgniter.php(354): CodeIgniter\CodeIgniter->handleRequest(null, Object(Config\Cache), false)
 4 SYSTEMPATH\Boot.php(363): CodeIgniter\CodeIgniter->run()
 5 SYSTEMPATH\Boot.php(68): CodeIgniter\Boot::runCodeIgniter(Object(CodeIgniter\CodeIgniter))
 6 FCPATH\index.php(59): CodeIgniter\Boot::bootWeb(Object(Config\Paths))
CRITICAL - 2025-11-21 11:15:09 --> Error: Call to undefined method Endroid\QrCode\Builder\Builder::writer()
[Method: POST, Route: api/generate-qr]
in APPPATH\Controllers\Api\EventBooking.php on line 466.
 1 SYSTEMPATH\CodeIgniter.php(933): App\Controllers\Api\EventBooking->generateQrCode()
 2 SYSTEMPATH\CodeIgniter.php(507): CodeIgniter\CodeIgniter->runController(Object(App\Controllers\Api\EventBooking))
 3 SYSTEMPATH\CodeIgniter.php(354): CodeIgniter\CodeIgniter->handleRequest(null, Object(Config\Cache), false)
 4 SYSTEMPATH\Boot.php(363): CodeIgniter\CodeIgniter->run()
 5 SYSTEMPATH\Boot.php(68): CodeIgniter\Boot::runCodeIgniter(Object(CodeIgniter\CodeIgniter))
 6 FCPATH\index.php(59): CodeIgniter\Boot::bootWeb(Object(Config\Paths))
CRITICAL - 2025-11-21 11:16:33 --> Error: Call to undefined method Endroid\QrCode\Builder\Builder::create()
[Method: POST, Route: api/generate-qr]
in APPPATH\Controllers\Api\EventBooking.php on line 465.
 1 SYSTEMPATH\CodeIgniter.php(933): App\Controllers\Api\EventBooking->generateQrCode()
 2 SYSTEMPATH\CodeIgniter.php(507): CodeIgniter\CodeIgniter->runController(Object(App\Controllers\Api\EventBooking))
 3 SYSTEMPATH\CodeIgniter.php(354): CodeIgniter\CodeIgniter->handleRequest(null, Object(Config\Cache), false)
 4 SYSTEMPATH\Boot.php(363): CodeIgniter\CodeIgniter->run()
 5 SYSTEMPATH\Boot.php(68): CodeIgniter\Boot::runCodeIgniter(Object(CodeIgniter\CodeIgniter))
 6 FCPATH\index.php(59): CodeIgniter\Boot::bootWeb(Object(Config\Paths))
CRITICAL - 2025-11-21 11:44:24 --> Error: Class "Endroid\QrCode\QrCode" not found
[Method: POST, Route: api/generate-qr]
in APPPATH\Controllers\Api\EventBooking.php on line 464.
 1 SYSTEMPATH\CodeIgniter.php(933): App\Controllers\Api\EventBooking->generateQrCode()
 2 SYSTEMPATH\CodeIgniter.php(507): CodeIgniter\CodeIgniter->runController(Object(App\Controllers\Api\EventBooking))
 3 SYSTEMPATH\CodeIgniter.php(354): CodeIgniter\CodeIgniter->handleRequest(null, Object(Config\Cache), false)
 4 SYSTEMPATH\Boot.php(363): CodeIgniter\CodeIgniter->run()
 5 SYSTEMPATH\Boot.php(68): CodeIgniter\Boot::runCodeIgniter(Object(CodeIgniter\CodeIgniter))
 6 FCPATH\index.php(59): CodeIgniter\Boot::bootWeb(Object(Config\Paths))
CRITICAL - 2025-11-21 11:48:12 --> Error: Class "Endroid\QrCode\Builder\Builder" not found
[Method: POST, Route: api/generate-qr]
in APPPATH\Controllers\Api\EventBooking.php on line 464.
 1 SYSTEMPATH\CodeIgniter.php(933): App\Controllers\Api\EventBooking->generateQrCode()
 2 SYSTEMPATH\CodeIgniter.php(507): CodeIgniter\CodeIgniter->runController(Object(App\Controllers\Api\EventBooking))
 3 SYSTEMPATH\CodeIgniter.php(354): CodeIgniter\CodeIgniter->handleRequest(null, Object(Config\Cache), false)
 4 SYSTEMPATH\Boot.php(363): CodeIgniter\CodeIgniter->run()
 5 SYSTEMPATH\Boot.php(68): CodeIgniter\Boot::runCodeIgniter(Object(CodeIgniter\CodeIgniter))
 6 FCPATH\index.php(59): CodeIgniter\Boot::bootWeb(Object(Config\Paths))
CRITICAL - 2025-11-21 11:49:00 --> Error: Class "Endroid\QrCode\Builder\Builder" not found
[Method: POST, Route: api/generate-qr]
in APPPATH\Controllers\Api\EventBooking.php on line 465.
 1 SYSTEMPATH\CodeIgniter.php(933): App\Controllers\Api\EventBooking->generateQrCode()
 2 SYSTEMPATH\CodeIgniter.php(507): CodeIgniter\CodeIgniter->runController(Object(App\Controllers\Api\EventBooking))
 3 SYSTEMPATH\CodeIgniter.php(354): CodeIgniter\CodeIgniter->handleRequest(null, Object(Config\Cache), false)
 4 SYSTEMPATH\Boot.php(363): CodeIgniter\CodeIgniter->run()
 5 SYSTEMPATH\Boot.php(68): CodeIgniter\Boot::runCodeIgniter(Object(CodeIgniter\CodeIgniter))
 6 FCPATH\index.php(59): CodeIgniter\Boot::bootWeb(Object(Config\Paths))
CRITICAL - 2025-11-21 11:52:06 --> Error: Call to undefined method Endroid\QrCode\Builder\Builder::create()
[Method: POST, Route: api/generate-qr]
in APPPATH\Controllers\Api\EventBooking.php on line 465.
 1 SYSTEMPATH\CodeIgniter.php(933): App\Controllers\Api\EventBooking->generateQrCode()
 2 SYSTEMPATH\CodeIgniter.php(507): CodeIgniter\CodeIgniter->runController(Object(App\Controllers\Api\EventBooking))
 3 SYSTEMPATH\CodeIgniter.php(354): CodeIgniter\CodeIgniter->handleRequest(null, Object(Config\Cache), false)
 4 SYSTEMPATH\Boot.php(363): CodeIgniter\CodeIgniter->run()
 5 SYSTEMPATH\Boot.php(68): CodeIgniter\Boot::runCodeIgniter(Object(CodeIgniter\CodeIgniter))
 6 FCPATH\index.php(59): CodeIgniter\Boot::bootWeb(Object(Config\Paths))
CRITICAL - 2025-11-21 11:52:47 --> Error: Call to undefined method Endroid\QrCode\Builder\Builder::create()
[Method: POST, Route: api/generate-qr]
in APPPATH\Controllers\Api\EventBooking.php on line 465.
 1 SYSTEMPATH\CodeIgniter.php(933): App\Controllers\Api\EventBooking->generateQrCode()
 2 SYSTEMPATH\CodeIgniter.php(507): CodeIgniter\CodeIgniter->runController(Object(App\Controllers\Api\EventBooking))
 3 SYSTEMPATH\CodeIgniter.php(354): CodeIgniter\CodeIgniter->handleRequest(null, Object(Config\Cache), false)
 4 SYSTEMPATH\Boot.php(363): CodeIgniter\CodeIgniter->run()
 5 SYSTEMPATH\Boot.php(68): CodeIgniter\Boot::runCodeIgniter(Object(CodeIgniter\CodeIgniter))
 6 FCPATH\index.php(59): CodeIgniter\Boot::bootWeb(Object(Config\Paths))
CRITICAL - 2025-11-21 11:54:41 --> Error: Call to undefined method Endroid\QrCode\Builder\Builder::create()
[Method: POST, Route: api/generate-qr]
in APPPATH\Controllers\Api\EventBooking.php on line 465.
 1 SYSTEMPATH\CodeIgniter.php(933): App\Controllers\Api\EventBooking->generateQrCode()
 2 SYSTEMPATH\CodeIgniter.php(507): CodeIgniter\CodeIgniter->runController(Object(App\Controllers\Api\EventBooking))
 3 SYSTEMPATH\CodeIgniter.php(354): CodeIgniter\CodeIgniter->handleRequest(null, Object(Config\Cache), false)
 4 SYSTEMPATH\Boot.php(363): CodeIgniter\CodeIgniter->run()
 5 SYSTEMPATH\Boot.php(68): CodeIgniter\Boot::runCodeIgniter(Object(CodeIgniter\CodeIgniter))
 6 FCPATH\index.php(59): CodeIgniter\Boot::bootWeb(Object(Config\Paths))
CRITICAL - 2025-11-21 11:56:30 --> ParseError: syntax error, unexpected token "use"
[Method: POST, Route: api/generate-qr]
in APPPATH\Controllers\Api\EventBooking.php on line 465.
 1 SYSTEMPATH\Autoloader\Autoloader.php(295): CodeIgniter\Autoloader\Autoloader->includeFile('C:\\wamp64\\www\\turn-up\\app\\Controllers\\Api\\EventBooking.php')
 2 SYSTEMPATH\Autoloader\Autoloader.php(271): CodeIgniter\Autoloader\Autoloader->loadInNamespace('App\\Controllers\\Api\\EventBooking')
 3 [internal function]: CodeIgniter\Autoloader\Autoloader->loadClass('App\\Controllers\\Api\\EventBooking')
 4 SYSTEMPATH\CodeIgniter.php(885): class_exists('\\App\\Controllers\\Api\\EventBooking', true)
 5 SYSTEMPATH\CodeIgniter.php(494): CodeIgniter\CodeIgniter->startController()
 6 SYSTEMPATH\CodeIgniter.php(354): CodeIgniter\CodeIgniter->handleRequest(null, Object(Config\Cache), false)
 7 SYSTEMPATH\Boot.php(363): CodeIgniter\CodeIgniter->run()
 8 SYSTEMPATH\Boot.php(68): CodeIgniter\Boot::runCodeIgniter(Object(CodeIgniter\CodeIgniter))
 9 FCPATH\index.php(59): CodeIgniter\Boot::bootWeb(Object(Config\Paths))
CRITICAL - 2025-11-21 11:57:32 --> ParseError: syntax error, unexpected token "use"
[Method: POST, Route: api/generate-qr]
in APPPATH\Controllers\Api\EventBooking.php on line 469.
 1 SYSTEMPATH\Autoloader\Autoloader.php(295): CodeIgniter\Autoloader\Autoloader->includeFile('C:\\wamp64\\www\\turn-up\\app\\Controllers\\Api\\EventBooking.php')
 2 SYSTEMPATH\Autoloader\Autoloader.php(271): CodeIgniter\Autoloader\Autoloader->loadInNamespace('App\\Controllers\\Api\\EventBooking')
 3 [internal function]: CodeIgniter\Autoloader\Autoloader->loadClass('App\\Controllers\\Api\\EventBooking')
 4 SYSTEMPATH\CodeIgniter.php(885): class_exists('\\App\\Controllers\\Api\\EventBooking', true)
 5 SYSTEMPATH\CodeIgniter.php(494): CodeIgniter\CodeIgniter->startController()
 6 SYSTEMPATH\CodeIgniter.php(354): CodeIgniter\CodeIgniter->handleRequest(null, Object(Config\Cache), false)
 7 SYSTEMPATH\Boot.php(363): CodeIgniter\CodeIgniter->run()
 8 SYSTEMPATH\Boot.php(68): CodeIgniter\Boot::runCodeIgniter(Object(CodeIgniter\CodeIgniter))
 9 FCPATH\index.php(59): CodeIgniter\Boot::bootWeb(Object(Config\Paths))
