ERROR - 2025-12-18 14:56:51 --> WhatsApp Payload: {"phone":"917559090431","name":"Test","otp":"188981"}
ERROR - 2025-12-18 14:56:51 --> WhatsApp HTTP Code: 200
ERROR - 2025-12-18 14:56:51 --> WhatsApp Response: '{"success":true,"data":{"results":[{"workflowId":"69390736f0b34297f83d8bf3","name":"OTP Sending","executed":true,"templateResult":{"success":true,"message":"Template sent successfully","recipientNumber":"917559090431","recipientName":"Test","whatsappMessageId":"wamid.HBgMOTE3NTU5MDkwNDMxFQIAERgSODdCRTE1RDVFM0FDRTdFMzlEAA==","templateName":"login_otp_template"},"actionResults":[]}]}}'
ERROR - 2025-12-18 15:01:21 --> WhatsApp Payload: {"phone":"917559090431","username":"rahul","event_name":"Musical Night"}
ERROR - 2025-12-18 15:01:21 --> WhatsApp HTTP Code: 200
ERROR - 2025-12-18 15:01:21 --> WhatsApp Response: '{"success":true,"data":{"results":[{"workflowId":"6939028cf0b34297f83d736a","name":"Event Confirmation","executed":true,"templateResult":{"success":true,"message":"Template sent successfully","recipientNumber":"917559090431","recipientName":"rahul","whatsappMessageId":"wamid.HBgMOTE3NTU5MDkwNDMxFQIAERgSOTk4RkY3NDFEODI5NDYxQzNGAA==","templateName":"event_confirmation_v1"},"actionResults":[]}]}}'
ERROR - 2025-12-18 15:02:01 --> WhatsApp Payload: {"phone":"917034467880","username":"asna","event_name":"Musical Night"}
ERROR - 2025-12-18 15:02:01 --> WhatsApp HTTP Code: 200
ERROR - 2025-12-18 15:02:01 --> WhatsApp Response: '{"success":true,"data":{"results":[{"workflowId":"6939028cf0b34297f83d736a","name":"Event Confirmation","executed":true,"templateResult":{"success":true,"message":"Template sent successfully","recipientNumber":"917034467880","recipientName":"asna","whatsappMessageId":"wamid.HBgMOTE3MDM0NDY3ODgwFQIAERgSQ0M5NDdFREM5QjJBMzgxMUE4AA==","templateName":"event_confirmation_v1"},"actionResults":[]}]}}'
ERROR - 2025-12-18 15:12:42 --> WhatsApp Payload: {"phone":"919847332221","username":"rahul","event_name":"Musical Night"}
ERROR - 2025-12-18 15:12:42 --> WhatsApp HTTP Code: 200
ERROR - 2025-12-18 15:12:42 --> WhatsApp Response: '{"success":true,"data":{"results":[{"workflowId":"6939028cf0b34297f83d736a","name":"Event Confirmation","executed":true,"templateResult":{"success":true,"message":"Template sent successfully","recipientNumber":"919847332221","recipientName":"rahul","whatsappMessageId":"wamid.HBgMOTE5ODQ3MzMyMjIxFQIAERgSRDc0MjQ4NDNCN0UzN0JDRTZDAA==","templateName":"event_confirmation_v1"},"actionResults":[]}]}}'
ERROR - 2025-12-18 15:14:34 --> WhatsApp Payload: {"phone":"919847332221","name":"Test","username":"rahul","event_name":"Musical Night"}
ERROR - 2025-12-18 15:14:34 --> WhatsApp HTTP Code: 200
ERROR - 2025-12-18 15:14:34 --> WhatsApp Response: '{"success":true,"data":{"results":[{"workflowId":"6932bd6735cc1fd9bcef7ff9","name":"Invite Confirmation","executed":true,"templateResult":{"success":true,"message":"Template sent successfully","recipientNumber":"919847332221","recipientName":"rahul","whatsappMessageId":"wamid.HBgMOTE5ODQ3MzMyMjIxFQIAERgSREU0NEIwNjgzQzM1NDg4MzQ4AA==","templateName":"invite_confirmation_v1"},"actionResults":[]}]}}'
ERROR - 2025-12-18 15:16:42 --> WhatsApp Payload: {"phone":"919847332220","username":"rahul","event_name":"Musical Night"}
ERROR - 2025-12-18 15:16:42 --> WhatsApp HTTP Code: 200
ERROR - 2025-12-18 15:16:42 --> WhatsApp Response: '{"success":true,"data":{"results":[{"workflowId":"6939028cf0b34297f83d736a","name":"Event Confirmation","executed":true,"templateResult":{"success":true,"message":"Template sent successfully","recipientNumber":"919847332220","recipientName":"rahul","whatsappMessageId":"wamid.HBgMOTE5ODQ3MzMyMjIwFQIAERgSOThFNzg2OTZEN0NEMkEzRkM3AA==","templateName":"event_confirmation_v1"},"actionResults":[]}]}}'
ERROR - 2025-12-18 15:19:33 --> WhatsApp Payload: {"phone":"917034467880","username":"asna","event_name":"Musical Night"}
ERROR - 2025-12-18 15:19:33 --> WhatsApp HTTP Code: 200
ERROR - 2025-12-18 15:19:33 --> WhatsApp Response: '{"success":true,"data":{"results":[{"workflowId":"6939028cf0b34297f83d736a","name":"Event Confirmation","executed":true,"templateResult":{"success":true,"message":"Template sent successfully","recipientNumber":"917034467880","recipientName":"asna","whatsappMessageId":"wamid.HBgMOTE3MDM0NDY3ODgwFQIAERgSMDI3M0UxMEUwNUY5Qzc0OUU5AA==","templateName":"event_confirmation_v1"},"actionResults":[]}]}}'
ERROR - 2025-12-18 15:19:56 --> WhatsApp Payload: {"phone":"917559090431","username":"rahul","event_name":"Musical Night"}
ERROR - 2025-12-18 15:19:56 --> WhatsApp HTTP Code: 200
ERROR - 2025-12-18 15:19:56 --> WhatsApp Response: '{"success":true,"data":{"results":[{"workflowId":"6939028cf0b34297f83d736a","name":"Event Confirmation","executed":true,"templateResult":{"success":true,"message":"Template sent successfully","recipientNumber":"917559090431","recipientName":"rahul","whatsappMessageId":"wamid.HBgMOTE3NTU5MDkwNDMxFQIAERgSMkExMUQzRjVFNDZEQzA0NkY1AA==","templateName":"event_confirmation_v1"},"actionResults":[]}]}}'
ERROR - 2025-12-18 15:20:12 --> WhatsApp Payload: {"phone":"919847332221","name":"Test","username":"rahul","event_name":"Musical Night"}
ERROR - 2025-12-18 15:20:12 --> WhatsApp HTTP Code: 200
ERROR - 2025-12-18 15:20:12 --> WhatsApp Response: '{"success":true,"data":{"results":[{"workflowId":"6932bd6735cc1fd9bcef7ff9","name":"Invite Confirmation","executed":true,"templateResult":{"success":true,"message":"Template sent successfully","recipientNumber":"919847332221","recipientName":"rahul","whatsappMessageId":"wamid.HBgMOTE5ODQ3MzMyMjIxFQIAERgSMDhBODUyMjgwNzg0ODNEMkRDAA==","templateName":"invite_confirmation_v1"},"actionResults":[]}]}}'
ERROR - 2025-12-18 15:20:39 --> WhatsApp Payload: {"phone":"919847332220","username":"rahul","event_name":"Musical Night"}
ERROR - 2025-12-18 15:20:39 --> WhatsApp HTTP Code: 200
ERROR - 2025-12-18 15:20:39 --> WhatsApp Response: '{"success":true,"data":{"results":[{"workflowId":"6939028cf0b34297f83d736a","name":"Event Confirmation","executed":true,"templateResult":{"success":true,"message":"Template sent successfully","recipientNumber":"919847332220","recipientName":"rahul","whatsappMessageId":"wamid.HBgMOTE5ODQ3MzMyMjIwFQIAERgSNTEwOTA5MUI0NTk3QTczQzE5AA==","templateName":"event_confirmation_v1"},"actionResults":[]}]}}'
